<?xml version="1.0" encoding="UTF-8"?>
<!-- Generated by org.testng.reporters.JUnitReportReporter -->
<testsuite hostname="DESKTOP-ABK0VTC" failures="0" tests="7" name="testng.PriorityAndInvocationCount" time="0.046" errors="0" timestamp="2022-05-07T09:02:53 IST" skipped="0">
  <testcase classname="testng.PriorityAndInvocationCount" name="settings" time="0.017"/>
  <system-out>
    <![CDATA[settings]]>
  </system-out>
  <testcase classname="testng.PriorityAndInvocationCount" name="video" time="0.003"/>
  <system-out>
    <![CDATA[video]]>
  </system-out>
  <testcase classname="testng.PriorityAndInvocationCount" name="calls" time="0.004"/>
  <system-out>
    <![CDATA[calls]]>
  </system-out>
  <testcase classname="testng.PriorityAndInvocationCount" name="calls" time="0.006"/>
  <system-out>
    <![CDATA[calls]]>
  </system-out>
  <testcase classname="testng.PriorityAndInvocationCount" name="chats" time="0.005"/>
  <system-out>
    <![CDATA[chats]]>
  </system-out>
  <testcase classname="testng.PriorityAndInvocationCount" name="chats" time="0.007"/>
  <system-out>
    <![CDATA[chats]]>
  </system-out>
  <testcase classname="testng.PriorityAndInvocationCount" name="chats" time="0.004"/>
  <system-out>
    <![CDATA[chats]]>
  </system-out>
</testsuite> <!-- testng.PriorityAndInvocationCount -->
