<?xml version="1.0" encoding="UTF-8"?>
<!-- Generated by org.testng.reporters.JUnitReportReporter -->
<testsuite hostname="DESKTOP-ABK0VTC" failures="0" tests="1" name="testng.AnnotationsTC02" time="5.924" errors="0" timestamp="2022-05-09T08:09:48 IST" skipped="0">
  <testcase classname="testng.AnnotationsTC02" name="login" time="5.924"/>
  <system-out>
    <![CDATA[Log in to Facebook
https://www.facebook.com/login/?next=https%3A%2F%2Fwww.facebook.com%2Fpages%2Fcreate%2F%3Fref_type%3Dregistration_form]]>
  </system-out>
</testsuite> <!-- testng.AnnotationsTC02 -->
