<?xml version="1.0" encoding="UTF-8"?>
<!-- Generated by org.testng.reporters.JUnitReportReporter -->
<testsuite hostname="DESKTOP-ABK0VTC" failures="0" tests="4" name="testng.SkipTestCase" time="0.059" errors="0" timestamp="2022-05-07T09:05:01 IST" skipped="2">
  <testcase classname="testng.SkipTestCase" name="video" time="0.055"/>
  <system-out>
    <![CDATA[video]]>
  </system-out>
  <testcase classname="testng.SkipTestCase" name="chats" time="0.004"/>
  <system-out>
    <![CDATA[chats]]>
  </system-out>
  <testcase classname="testng.SkipTestCase" name="calls">
    <skipped/>
  </testcase> <!-- calls -->
  <system-out/>
  <testcase classname="testng.SkipTestCase" name="settings">
    <skipped/>
  </testcase> <!-- settings -->
  <system-out/>
</testsuite> <!-- testng.SkipTestCase -->
