<?xml version="1.0" encoding="UTF-8"?>
<!-- Generated by org.testng.reporters.JUnitReportReporter -->
<testsuite hostname="DESKTOP-ABK0VTC" failures="0" tests="1" name="testng.BasicReportConsolePrint" time="0.064" errors="0" timestamp="2022-05-07T08:44:20 IST" skipped="0">
  <testcase classname="testng.BasicReportConsolePrint" name="tc1" time="0.064"/>
  <system-out>
    <![CDATA[Hello Selenium
Hello Java]]>
  </system-out>
</testsuite> <!-- testng.BasicReportConsolePrint -->
