<?xml version="1.0" encoding="UTF-8"?>
<!-- Generated by org.testng.reporters.JUnitReportReporter -->
<testsuite hostname="DESKTOP-ABK0VTC" failures="0" tests="1" name="testng.AnnotationsTC03" time="5.140" errors="0" timestamp="2022-05-09T08:09:48 IST" skipped="0">
  <testcase classname="testng.AnnotationsTC03" name="login" time="5.140"/>
  <system-out>
    <![CDATA[Forgotten Password | Can't Log In | Facebook
https://www.facebook.com/login/identify/?ctx=recover&ars=facebook_login&from_login_screen=0]]>
  </system-out>
</testsuite> <!-- testng.AnnotationsTC03 -->
