<?xml version="1.0" encoding="UTF-8"?>
<!-- Generated by org.testng.reporters.JUnitReportReporter -->
<testsuite hostname="DESKTOP-ABK0VTC" failures="0" tests="4" name="testng.MultipleTestCasesWithPriority" time="0.032" errors="0" timestamp="2022-05-07T09:01:26 IST" skipped="0">
  <testcase classname="testng.MultipleTestCasesWithPriority" name="settings" time="0.019"/>
  <system-out>
    <![CDATA[settings]]>
  </system-out>
  <testcase classname="testng.MultipleTestCasesWithPriority" name="video" time="0.003"/>
  <system-out>
    <![CDATA[video]]>
  </system-out>
  <testcase classname="testng.MultipleTestCasesWithPriority" name="chats" time="0.003"/>
  <system-out>
    <![CDATA[chats]]>
  </system-out>
  <testcase classname="testng.MultipleTestCasesWithPriority" name="calls" time="0.007"/>
  <system-out>
    <![CDATA[calls]]>
  </system-out>
</testsuite> <!-- testng.MultipleTestCasesWithPriority -->
